<?xml version="1.0" encoding="UTF-8"?>
<testsuite name="com.bichel.spotify.TwoSumTest" tests="3" skipped="0" failures="0" errors="0" timestamp="2022-11-01T08:39:16" hostname="YauhensookM1Pro" time="0.007">
  <properties/>
  <testcase name="testGetIndices()" classname="com.bichel.spotify.TwoSumTest" time="0.006"/>
  <testcase name="testGetIndices2()" classname="com.bichel.spotify.TwoSumTest" time="0.001"/>
  <testcase name="testGetIndices3()" classname="com.bichel.spotify.TwoSumTest" time="0.0"/>
  <system-out><![CDATA[]]></system-out>
  <system-err><![CDATA[]]></system-err>
</testsuite>
