<?xml version="1.0" encoding="UTF-8"?>
<testsuite name="com.bichel.leetcode.strings.SumOfDigitsOfStringAfterConvertTest" tests="1" skipped="0" failures="0" errors="0" timestamp="2021-08-21T13:08:44" hostname="Yauhens-MacBook-Pro.local" time="0.021">
  <properties/>
  <testcase name="testTestCase1()" classname="com.bichel.leetcode.strings.SumOfDigitsOfStringAfterConvertTest" time="0.021"/>
  <system-out><![CDATA[]]></system-out>
  <system-err><![CDATA[]]></system-err>
</testsuite>
