<?xml version="1.0" encoding="UTF-8"?>
<testsuite name="com.bichel.algorithms.combinations_permutations.SubsetsTest" tests="1" skipped="0" failures="0" errors="0" timestamp="2023-09-19T09:15:20" hostname="Yauhens-MacBook-Pro.local" time="0.034">
  <properties/>
  <testcase name="testSubsets()" classname="com.bichel.algorithms.combinations_permutations.SubsetsTest" time="0.034"/>
  <system-out><![CDATA[[]
[1, ]
[2, ]
[3, ]
[1, 2, ]
[1, 3, ]
[2, 3, ]
[1, 2, 3, ]
]]></system-out>
  <system-err><![CDATA[]]></system-err>
</testsuite>
