<?xml version="1.0" encoding="UTF-8"?>
<testsuite name="com.bichel.algorithms.combinations_permutations.PermutationsTest" tests="1" skipped="0" failures="0" errors="0" timestamp="2023-08-12T16:24:38" hostname="Yauhens-MBP" time="687.977">
  <properties/>
  <testcase name="testPermutations()" classname="com.bichel.algorithms.combinations_permutations.PermutationsTest" time="687.977"/>
  <system-out><![CDATA[1, 2, 3, 
1, 3, 2, 
2, 1, 3, 
2, 3, 1, 
3, 2, 1, 
3, 1, 2, 
]]></system-out>
  <system-err><![CDATA[]]></system-err>
</testsuite>
