<?xml version="1.0" encoding="UTF-8"?>
<testsuite name="com.bichel.algorithms.probleamsheap.CombinationSumTests" tests="1" skipped="0" failures="0" errors="0" timestamp="2023-08-10T19:13:13" hostname="Yauhens-MBP" time="0.074">
  <properties/>
  <testcase name="test1()" classname="com.bichel.algorithms.probleamsheap.CombinationSumTests" time="0.074"/>
  <system-out><![CDATA[2,2,3,
7,

]]></system-out>
  <system-err><![CDATA[]]></system-err>
</testsuite>
