<?xml version="1.0" encoding="UTF-8"?>
<testsuite name="com.bichel.leetcode.tree.KthSmallestElementInABSTTest" tests="1" skipped="0" failures="0" errors="0" timestamp="2022-04-18T08:42:30" hostname="Yauhens-MBP" time="45.729">
  <properties/>
  <testcase name="test1()" classname="com.bichel.leetcode.tree.KthSmallestElementInABSTTest" time="45.729"/>
  <system-out><![CDATA[]]></system-out>
  <system-err><![CDATA[]]></system-err>
</testsuite>
